#
# There is insufficient memory for the Java Runtime Environment to continue.
# Native memory allocation (mmap) failed to map 65536 bytes for Failed to commit metaspace.
# Possible reasons:
#   The system is out of physical RAM or swap space
#   The process is running with CompressedOops enabled, and the Java Heap may be blocking the growth of the native heap
# Possible solutions:
#   Reduce memory load on the system
#   Increase physical memory or swap space
#   Check if swap backing store is full
#   Decrease Java heap size (-Xmx/-Xms)
#   Decrease number of Java threads
#   Decrease Java thread stack sizes (-Xss)
#   Set larger code cache with -XX:ReservedCodeCacheSize=
#   JVM is running with Unscaled Compressed Oops mode in which the Java heap is
#     placed in the first 4GB address space. The Java Heap base address is the
#     maximum limit for the native heap growth. Please use -XX:HeapBaseMinAddress
#     to set the Java Heap base and to place the Java Heap above 4GB virtual address.
# This output file may be truncated or incomplete.
#
#  Out of Memory Error (virtualSpaceNode.cpp:110), pid=23500, tid=16744
#
# JRE version: Java(TM) SE Runtime Environment (18.0.1+10) (build 18.0.1+10-24)
# Java VM: Java HotSpot(TM) 64-Bit Server VM (18.0.1+10-24, mixed mode, sharing, tiered, compressed oops, compressed class ptrs, g1 gc, windows-amd64)
# No core dump will be written. Minidumps are not enabled by default on client versions of Windows
#

---------------  S U M M A R Y ------------

Command Line: C:\Users\trg\AppData\Local\Temp\surefire7134574339301894256\surefirebooter18321802081485950655.jar C:\Users\trg\AppData\Local\Temp\surefire7134574339301894256 2022-05-22T03-40-12_512-jvmRun1 surefire174521820441174985tmp surefire_04213972858705561868tmp

Host: Intel(R) Core(TM) i5-5200U CPU @ 2.20GHz, 4 cores, 7G,  Windows 10 , 64 bit Build 19041 (10.0.19041.1706)
Time: Sun May 22 03:40:28 2022 W. Europe Daylight Time elapsed time: 12.695642 seconds (0d 0h 0m 12s)

---------------  T H R E A D  ---------------

Current thread (0x00000277f019f510):  JavaThread "main" [_thread_in_vm, id=16744, stack(0x000000ff38900000,0x000000ff38a00000)]

Stack: [0x000000ff38900000,0x000000ff38a00000]
Native frames: (J=compiled Java code, j=interpreted, Vv=VM code, C=native code)
V  [jvm.dll+0x69887a]
V  [jvm.dll+0x7f38bd]
V  [jvm.dll+0x7f51ce]
V  [jvm.dll+0x7f5883]
V  [jvm.dll+0x25ca3f]
V  [jvm.dll+0x7ef5cb]
V  [jvm.dll+0x63ea76]
V  [jvm.dll+0x1d721e]
V  [jvm.dll+0x64141b]
V  [jvm.dll+0x64121e]
V  [jvm.dll+0x63f43e]
V  [jvm.dll+0x649ab7]
V  [jvm.dll+0x202381]
V  [jvm.dll+0x2028b5]
V  [jvm.dll+0x2032ef]
V  [jvm.dll+0x1f8781]
V  [jvm.dll+0x55d685]
V  [jvm.dll+0x76db23]
V  [jvm.dll+0x76dc04]
V  [jvm.dll+0x42d234]
V  [jvm.dll+0x432f3f]
C  [java.dll+0x17ec]

Java frames: (J=compiled Java code, j=interpreted, Vv=VM code)
J 1177  java.lang.ClassLoader.defineClass1(Ljava/lang/ClassLoader;Ljava/lang/String;[BIILjava/security/ProtectionDomain;Ljava/lang/String;)Ljava/lang/Class; java.base@18.0.1 (0 bytes) @ 0x0000027787b2fce3 [0x0000027787b2fc20+0x00000000000000c3]
J 1243 c1 java.lang.ClassLoader.defineClass(Ljava/lang/String;[BIILjava/security/ProtectionDomain;)Ljava/lang/Class; java.base@18.0.1 (43 bytes) @ 0x00000277807d1d54 [0x00000277807d1a00+0x0000000000000354]
J 1242 c1 java.security.SecureClassLoader.defineClass(Ljava/lang/String;[BIILjava/security/CodeSource;)Ljava/lang/Class; java.base@18.0.1 (16 bytes) @ 0x00000277807d168c [0x00000277807d15c0+0x00000000000000cc]
J 1188 c1 jdk.internal.loader.BuiltinClassLoader.defineClass(Ljava/lang/String;Ljdk/internal/loader/Resource;)Ljava/lang/Class; java.base@18.0.1 (121 bytes) @ 0x00000277807b2864 [0x00000277807b1900+0x0000000000000f64]
J 979 c1 jdk.internal.loader.BuiltinClassLoader.findClassOnClassPathOrNull(Ljava/lang/String;)Ljava/lang/Class; java.base@18.0.1 (64 bytes) @ 0x000002778075cfb4 [0x000002778075c2e0+0x0000000000000cd4]
J 378 c1 jdk.internal.loader.BuiltinClassLoader.loadClassOrNull(Ljava/lang/String;Z)Ljava/lang/Class; java.base@18.0.1 (143 bytes) @ 0x0000027780629234 [0x00000277806287c0+0x0000000000000a74]
J 565 c1 jdk.internal.loader.ClassLoaders$AppClassLoader.loadClass(Ljava/lang/String;Z)Ljava/lang/Class; java.base@18.0.1 (40 bytes) @ 0x000002778067f644 [0x000002778067f460+0x00000000000001e4]
J 562 c1 java.lang.ClassLoader.loadClass(Ljava/lang/String;)Ljava/lang/Class; java.base@18.0.1 (7 bytes) @ 0x000002778067f14c [0x000002778067f040+0x000000000000010c]
v  ~StubRoutines::call_stub
j  org.openqa.selenium.devtools.v99.V99CdpInfo.<init>()V+3
J 1559 c1 java.lang.invoke.DirectMethodHandle$Holder.newInvokeSpecial(Ljava/lang/Object;)Ljava/lang/Object; java.base@18.0.1 (20 bytes) @ 0x0000027780877c0c [0x0000027780877680+0x000000000000058c]
J 1598 c1 jdk.internal.reflect.DirectConstructorHandleAccessor.newInstance([Ljava/lang/Object;)Ljava/lang/Object; java.base@18.0.1 (148 bytes) @ 0x0000027780887b14 [0x0000027780886400+0x0000000000001714]
J 1571 c1 java.lang.reflect.Constructor.newInstanceWithCaller([Ljava/lang/Object;ZLjava/lang/Class;)Ljava/lang/Object; java.base@18.0.1 (51 bytes) @ 0x000002778087ac44 [0x000002778087aa60+0x00000000000001e4]
J 2003 c1 java.lang.reflect.Constructor.newInstance([Ljava/lang/Object;)Ljava/lang/Object; java.base@18.0.1 (34 bytes) @ 0x000002778094c12c [0x000002778094bfc0+0x000000000000016c]
j  java.util.ServiceLoader$ProviderImpl.newInstance()Ljava/lang/Object;+19 java.base@18.0.1
j  java.util.ServiceLoader$ProviderImpl.get()Ljava/lang/Object;+13 java.base@18.0.1
j  java.util.ServiceLoader$3.next()Ljava/lang/Object;+58 java.base@18.0.1
j  java.util.Iterator.forEachRemaining(Ljava/util/function/Consumer;)V+16 java.base@18.0.1
j  java.util.Spliterators$IteratorSpliterator.forEachRemaining(Ljava/util/function/Consumer;)V+52 java.base@18.0.1
J 1858 c1 java.util.stream.AbstractPipeline.copyInto(Ljava/util/stream/Sink;Ljava/util/Spliterator;)V java.base@18.0.1 (54 bytes) @ 0x0000027780910db4 [0x00000277809109c0+0x00000000000003f4]
J 1869 c1 java.util.stream.AbstractPipeline.wrapAndCopyInto(Ljava/util/stream/Sink;Ljava/util/Spliterator;)Ljava/util/stream/Sink; java.base@18.0.1 (18 bytes) @ 0x000002778091601c [0x0000027780915de0+0x000000000000023c]
j  java.util.stream.ReduceOps$ReduceOp.evaluateSequential(Ljava/util/stream/PipelineHelper;Ljava/util/Spliterator;)Ljava/lang/Object;+6 java.base@18.0.1
J 1968 c1 java.util.stream.AbstractPipeline.evaluate(Ljava/util/stream/TerminalOp;)Ljava/lang/Object; java.base@18.0.1 (94 bytes) @ 0x000002778093d1bc [0x000002778093cd40+0x000000000000047c]
j  java.util.stream.ReferencePipeline.collect(Ljava/util/stream/Collector;)Ljava/lang/Object;+86 java.base@18.0.1
j  org.openqa.selenium.devtools.CdpVersionFinder.<init>()V+22
j  org.openqa.selenium.chromium.ChromiumDriver.<init>(Lorg/openqa/selenium/remote/CommandExecutor;Lorg/openqa/selenium/Capabilities;Ljava/lang/String;)V+181
j  org.openqa.selenium.chrome.ChromeDriver.<init>(Lorg/openqa/selenium/chrome/ChromeDriverService;Lorg/openqa/selenium/Capabilities;)V+12
j  org.openqa.selenium.chrome.ChromeDriver.<init>(Lorg/openqa/selenium/chrome/ChromeDriverService;Lorg/openqa/selenium/chrome/ChromeOptions;)V+3
j  org.openqa.selenium.chrome.ChromeDriver.<init>()V+11
j  resources.base.initializeDriver()Lorg/openqa/selenium/WebDriver;+61
j  Assignment.Home.intialize()V+2
j  java.lang.invoke.LambdaForm$DMH+0x0000000800cec000.invokeVirtual(Ljava/lang/Object;Ljava/lang/Object;)V+10 java.base@18.0.1
j  java.lang.invoke.LambdaForm$MH+0x0000000800cec800.invoke(Ljava/lang/Object;Ljava/lang/Object;)Ljava/lang/Object;+31 java.base@18.0.1
j  java.lang.invoke.Invokers$Holder.invokeExact_MT(Ljava/lang/Object;Ljava/lang/Object;Ljava/lang/Object;)Ljava/lang/Object;+19 java.base@18.0.1
j  jdk.internal.reflect.DirectMethodHandleAccessor.invokeImpl(Ljava/lang/Object;[Ljava/lang/Object;)Ljava/lang/Object;+41 java.base@18.0.1
j  jdk.internal.reflect.DirectMethodHandleAccessor.invoke(Ljava/lang/Object;[Ljava/lang/Object;)Ljava/lang/Object;+23 java.base@18.0.1
j  java.lang.reflect.Method.invoke(Ljava/lang/Object;[Ljava/lang/Object;)Ljava/lang/Object;+102 java.base@18.0.1
j  org.testng.internal.invokers.MethodInvocationHelper.invokeMethod(Ljava/lang/reflect/Method;Ljava/lang/Object;[Ljava/lang/Object;)Ljava/lang/Object;+255
j  org.testng.internal.invokers.MethodInvocationHelper.invokeMethodConsideringTimeout(Lorg/testng/ITestNGMethod;Lorg/testng/internal/ConstructorOrMethod;Ljava/lang/Object;[Ljava/lang/Object;Lorg/testng/ITestResult;)V+15
j  org.testng.internal.invokers.ConfigInvoker.invokeConfigurationMethod(Ljava/lang/Object;Lorg/testng/ITestNGMethod;[Ljava/lang/Object;Lorg/testng/ITestResult;)V+193
j  org.testng.internal.invokers.ConfigInvoker.invokeConfigurations(Lorg/testng/internal/invokers/ConfigMethodArguments;)V+589
j  org.testng.TestRunner.invokeTestConfigurations([Lorg/testng/ITestNGMethod;)V+55
j  org.testng.TestRunner.beforeRun()V+30
j  org.testng.TestRunner.run()V+1
j  org.testng.SuiteRunner.runTest(Lorg/testng/TestRunner;)V+21
j  org.testng.SuiteRunner.runSequentially()V+31
j  org.testng.SuiteRunner.privateRun()V+332
j  org.testng.SuiteRunner.run()V+6
j  org.testng.SuiteRunnerWorker.runSuite(Lorg/testng/internal/invokers/SuiteRunnerMap;Lorg/testng/xml/XmlSuite;)V+87
j  org.testng.SuiteRunnerWorker.run()V+12
j  org.testng.TestNG.runSuitesSequentially(Lorg/testng/xml/XmlSuite;Lorg/testng/internal/invokers/SuiteRunnerMap;ILjava/lang/String;)V+66
j  org.testng.TestNG.runSuitesLocally()Ljava/util/List;+156
j  org.testng.TestNG.runSuites()Ljava/util/List;+1
j  org.testng.TestNG.run()V+25
j  org.apache.maven.surefire.testng.TestNGExecutor.run(Ljava/util/List;Ljava/lang/String;Ljava/util/Map;Lorg/apache/maven/surefire/testng/TestNGReporter;Ljava/io/File;I)V+59
j  org.apache.maven.surefire.testng.TestNGXmlTestSuite.execute(Lorg/apache/maven/surefire/testng/TestNGReporter;)V+46
j  org.apache.maven.surefire.testng.TestNGProvider.invoke(Ljava/lang/Object;)Lorg/apache/maven/surefire/api/suite/RunResult;+98
j  org.apache.maven.surefire.booter.ForkedBooter.runSuitesInProcess()V+8
j  org.apache.maven.surefire.booter.ForkedBooter.execute()V+1
j  org.apache.maven.surefire.booter.ForkedBooter.run(Lorg/apache/maven/surefire/booter/ForkedBooter;[Ljava/lang/String;)V+27
j  org.apache.maven.surefire.booter.ForkedBooter.main([Ljava/lang/String;)V+10
v  ~StubRoutines::call_stub

---------------  P R O C E S S  ---------------

Threads class SMR info:
_java_thread_list=0x00000277ff271c20, length=25, elements={
0x00000277f019f510, 0x00000277fea7a650, 0x00000277fea7b2b0, 0x00000277fea960d0,
0x00000277fea97a80, 0x00000277fea98420, 0x00000277fea9af10, 0x00000277feaa0230,
0x00000277feaa9430, 0x00000277feacda00, 0x00000277fecd76e0, 0x00000277fecddc90,
0x00000277fef8e4d0, 0x00000277ff04cf50, 0x0000027793212b90, 0x000002779325c8f0,
0x00000277ff58da40, 0x00000277937de010, 0x000002779335d020, 0x00000277ff40d540,
0x00000277ff40ed50, 0x00000277ff40da10, 0x00000277ff40fbc0, 0x00000277ff410560,
0x00000277ff40e3b0
}

Java Threads: ( => current thread )
=>0x00000277f019f510 JavaThread "main" [_thread_in_vm, id=16744, stack(0x000000ff38900000,0x000000ff38a00000)]
  0x00000277fea7a650 JavaThread "Reference Handler" daemon [_thread_blocked, id=18428, stack(0x000000ff39000000,0x000000ff39100000)]
  0x00000277fea7b2b0 JavaThread "Finalizer" daemon [_thread_blocked, id=23256, stack(0x000000ff39100000,0x000000ff39200000)]
  0x00000277fea960d0 JavaThread "Signal Dispatcher" daemon [_thread_blocked, id=20448, stack(0x000000ff39200000,0x000000ff39300000)]
  0x00000277fea97a80 JavaThread "Attach Listener" daemon [_thread_blocked, id=13944, stack(0x000000ff39300000,0x000000ff39400000)]
  0x00000277fea98420 JavaThread "Service Thread" daemon [_thread_blocked, id=20856, stack(0x000000ff39400000,0x000000ff39500000)]
  0x00000277fea9af10 JavaThread "Monitor Deflation Thread" daemon [_thread_blocked, id=23328, stack(0x000000ff39500000,0x000000ff39600000)]
  0x00000277feaa0230 JavaThread "C2 CompilerThread0" daemon [_thread_blocked, id=5308, stack(0x000000ff39600000,0x000000ff39700000)]
  0x00000277feaa9430 JavaThread "C1 CompilerThread0" daemon [_thread_blocked, id=19040, stack(0x000000ff39700000,0x000000ff39800000)]
  0x00000277feacda00 JavaThread "Sweeper thread" daemon [_thread_blocked, id=18152, stack(0x000000ff39800000,0x000000ff39900000)]
  0x00000277fecd76e0 JavaThread "Notification Thread" daemon [_thread_blocked, id=2492, stack(0x000000ff39900000,0x000000ff39a00000)]
  0x00000277fecddc90 JavaThread "Common-Cleaner" daemon [_thread_blocked, id=20572, stack(0x000000ff39b00000,0x000000ff39c00000)]
  0x00000277fef8e4d0 JavaThread "surefire-forkedjvm-stream-flusher" daemon [_thread_blocked, id=6812, stack(0x000000ff39d00000,0x000000ff39e00000)]
  0x00000277ff04cf50 JavaThread "surefire-forkedjvm-command-thread" daemon [_thread_in_native, id=9680, stack(0x000000ff39e00000,0x000000ff39f00000)]
  0x0000027793212b90 JavaThread "ForkJoinPool.commonPool-worker-1" daemon [_thread_blocked, id=5432, stack(0x000000ff3a200000,0x000000ff3a300000)]
  0x000002779325c8f0 JavaThread "AsyncHttpClient-1-1" daemon [_thread_blocked, id=1600, stack(0x000000ff3a300000,0x000000ff3a400000)]
  0x00000277ff58da40 JavaThread "Exec Default Executor" daemon [_thread_in_native, id=7524, stack(0x000000ff3a400000,0x000000ff3a500000)]
  0x00000277937de010 JavaThread "Driver Service Executor" daemon [_thread_blocked, id=7540, stack(0x000000ff3a500000,0x000000ff3a600000)]
  0x000002779335d020 JavaThread "Driver Service Executor" daemon [_thread_blocked, id=5000, stack(0x000000ff3a600000,0x000000ff3a700000)]
  0x00000277ff40d540 JavaThread "UrlChecker-2" daemon [_thread_blocked, id=7596, stack(0x000000ff3a700000,0x000000ff3a800000)]
  0x00000277ff40ed50 JavaThread "Exec Stream Pumper" daemon [_thread_in_native, id=7608, stack(0x000000ff3a900000,0x000000ff3aa00000)]
  0x00000277ff40da10 JavaThread "Exec Stream Pumper" daemon [_thread_in_native, id=7624, stack(0x000000ff3aa00000,0x000000ff3ab00000)]
  0x00000277ff40fbc0 JavaThread "AsyncHttpClient-1-2" daemon [_thread_in_native, id=12816, stack(0x000000ff3ac00000,0x000000ff3ad00000)]
  0x00000277ff410560 JavaThread "AsyncHttpClient-1-3" daemon [_thread_in_native, id=13900, stack(0x000000ff3ad00000,0x000000ff3ae00000)]
  0x00000277ff40e3b0 JavaThread "AsyncHttpClient-1-4" daemon [_thread_in_native, id=19016, stack(0x000000ff3ae00000,0x000000ff3af00000)]

Other Threads:
  0x00000277f026ec00 VMThread "VM Thread" [stack: 0x000000ff38f00000,0x000000ff39000000] [id=14004] _threads_hazard_ptr=0x00000277ff271c20
  0x00000277fecdd610 WatcherThread "VM Periodic Task Thread" [stack: 0x000000ff39a00000,0x000000ff39b00000] [id=22880]
  0x00000277f01fe120 WorkerThread "GC Thread#0" [stack: 0x000000ff38a00000,0x000000ff38b00000] [id=16964]
  0x00000277ff62e4e0 WorkerThread "GC Thread#1" [stack: 0x000000ff39c00000,0x000000ff39d00000] [id=4332]
  0x0000027793051520 WorkerThread "GC Thread#2" [stack: 0x000000ff39f00000,0x000000ff3a000000] [id=14168]
  0x00000277ff46c1a0 WorkerThread "GC Thread#3" [stack: 0x000000ff3a000000,0x000000ff3a100000] [id=21416]
  0x00000277f020ed50 ConcurrentGCThread "G1 Main Marker" [stack: 0x000000ff38b00000,0x000000ff38c00000] [id=21936]
  0x00000277f0210ef0 WorkerThread "G1 Conc#0" [stack: 0x000000ff38c00000,0x000000ff38d00000] [id=22808]
  0x00000277f0251700 ConcurrentGCThread "G1 Refine#0" [stack: 0x000000ff38d00000,0x000000ff38e00000] [id=17920]
  0x000002779303bd10 ConcurrentGCThread "G1 Refine#1" [stack: 0x000000ff3a100000,0x000000ff3a200000] [id=19816]
  0x00000277f0252010 ConcurrentGCThread "G1 Service" [stack: 0x000000ff38e00000,0x000000ff38f00000] [id=22300]

Threads with active compile tasks:
C2 CompilerThread0    12828 2048       4       jdk.internal.org.objectweb.asm.SymbolTable::addConstantUtf8Reference (101 bytes)

VM state: synchronizing (normal execution)

VM Mutex/Monitor currently owned by a thread:  ([mutex/lock_event])
[0x00000277f0199cf0] Metaspace_lock - owner thread: 0x00000277f019f510
[0x00000277f019b750] Threads_lock - owner thread: 0x00000277f026ec00

Heap address: 0x0000000081800000, size: 2024 MB, Compressed Oops mode: 32-bit

CDS archive(s) mapped at: [0x0000000800000000-0x0000000800ba0000-0x0000000800ba0000), size 12189696, SharedBaseAddress: 0x0000000800000000, ArchiveRelocationMode: 0.
Compressed class space mapped at: 0x0000000800c00000-0x0000000840c00000, reserved size: 1073741824
Narrow klass base: 0x0000000800000000, Narrow klass shift: 0, Narrow klass range: 0x100000000

GC Precious Log:
 CardTable entry size: 512
 Card Set container configuration: InlinePtr #cards 5 size 8 Array Of Cards #cards 12 size 40 Howl #buckets 4 coarsen threshold 1843 Howl Bitmap #cards 512 size 80 coarsen threshold 460 Card regions per heap region 1 cards per card region 2048
 CPUs: 4 total, 4 available
 Memory: 8088M
 Large Page Support: Disabled
 NUMA Support: Disabled
 Compressed Oops: Enabled (32-bit)
 Heap Region Size: 1M
 Heap Min Capacity: 8M
 Heap Initial Capacity: 128M
 Heap Max Capacity: 2024M
 Pre-touch: Disabled
 Parallel Workers: 4
 Concurrent Workers: 1
 Concurrent Refinement Workers: 4
 Periodic GC: Disabled

Heap:
 garbage-first heap   total 131072K, used 33139K [0x0000000081800000, 0x0000000100000000)
  region size 1024K, 23 young (23552K), 3 survivors (3072K)
 Metaspace       used 21181K, committed 21376K, reserved 1114112K
  class space    used 2573K, committed 2688K, reserved 1048576K

Heap Regions: E=young(eden), S=young(survivor), O=old, HS=humongous(starts), HC=humongous(continues), CS=collection set, F=free, OA=open archive, CA=closed archive, TAMS=top-at-mark-start (previous, next)
|   0|0x0000000081800000, 0x0000000081900000, 0x0000000081900000|100%| O|  |TAMS 0x0000000081800000, 0x0000000081800000| Untracked 
|   1|0x0000000081900000, 0x0000000081a00000, 0x0000000081a00000|100%| O|  |TAMS 0x0000000081900000, 0x0000000081900000| Untracked 
|   2|0x0000000081a00000, 0x0000000081b00000, 0x0000000081b00000|100%| O|  |TAMS 0x0000000081a00000, 0x0000000081a00000| Untracked 
|   3|0x0000000081b00000, 0x0000000081c00000, 0x0000000081c00000|100%| O|  |TAMS 0x0000000081b00000, 0x0000000081b00000| Untracked 
|   4|0x0000000081c00000, 0x0000000081d00000, 0x0000000081d00000|100%| O|  |TAMS 0x0000000081c00000, 0x0000000081c00000| Untracked 
|   5|0x0000000081d00000, 0x0000000081d5ce00, 0x0000000081e00000| 36%| O|  |TAMS 0x0000000081d00000, 0x0000000081d00000| Untracked 
|   6|0x0000000081e00000, 0x0000000081f00000, 0x0000000081f00000|100%|HS|  |TAMS 0x0000000081e00000, 0x0000000081e00000| Complete 
|   7|0x0000000081f00000, 0x0000000082000000, 0x0000000082000000|100%|HC|  |TAMS 0x0000000081f00000, 0x0000000081f00000| Complete 
|   8|0x0000000082000000, 0x0000000082100000, 0x0000000082100000|100%|HC|  |TAMS 0x0000000082000000, 0x0000000082000000| Complete 
|   9|0x0000000082100000, 0x0000000082200000, 0x0000000082200000|100%|HC|  |TAMS 0x0000000082100000, 0x0000000082100000| Complete 
|  10|0x0000000082200000, 0x0000000082300000, 0x0000000082300000|100%|HC|  |TAMS 0x0000000082200000, 0x0000000082200000| Complete 
|  11|0x0000000082300000, 0x0000000082300000, 0x0000000082400000|  0%| F|  |TAMS 0x0000000082300000, 0x0000000082300000| Untracked 
|  12|0x0000000082400000, 0x0000000082400000, 0x0000000082500000|  0%| F|  |TAMS 0x0000000082400000, 0x0000000082400000| Untracked 
|  13|0x0000000082500000, 0x0000000082500000, 0x0000000082600000|  0%| F|  |TAMS 0x0000000082500000, 0x0000000082500000| Untracked 
|  14|0x0000000082600000, 0x0000000082600000, 0x0000000082700000|  0%| F|  |TAMS 0x0000000082600000, 0x0000000082600000| Untracked 
|  15|0x0000000082700000, 0x0000000082700000, 0x0000000082800000|  0%| F|  |TAMS 0x0000000082700000, 0x0000000082700000| Untracked 
|  16|0x0000000082800000, 0x0000000082800000, 0x0000000082900000|  0%| F|  |TAMS 0x0000000082800000, 0x0000000082800000| Untracked 
|  17|0x0000000082900000, 0x0000000082900000, 0x0000000082a00000|  0%| F|  |TAMS 0x0000000082900000, 0x0000000082900000| Untracked 
|  18|0x0000000082a00000, 0x0000000082a00000, 0x0000000082b00000|  0%| F|  |TAMS 0x0000000082a00000, 0x0000000082a00000| Untracked 
|  19|0x0000000082b00000, 0x0000000082b00000, 0x0000000082c00000|  0%| F|  |TAMS 0x0000000082b00000, 0x0000000082b00000| Untracked 
|  20|0x0000000082c00000, 0x0000000082c00000, 0x0000000082d00000|  0%| F|  |TAMS 0x0000000082c00000, 0x0000000082c00000| Untracked 
|  21|0x0000000082d00000, 0x0000000082d00000, 0x0000000082e00000|  0%| F|  |TAMS 0x0000000082d00000, 0x0000000082d00000| Untracked 
|  22|0x0000000082e00000, 0x0000000082e00000, 0x0000000082f00000|  0%| F|  |TAMS 0x0000000082e00000, 0x0000000082e00000| Untracked 
|  23|0x0000000082f00000, 0x0000000082f00000, 0x0000000083000000|  0%| F|  |TAMS 0x0000000082f00000, 0x0000000082f00000| Untracked 
|  24|0x0000000083000000, 0x0000000083000000, 0x0000000083100000|  0%| F|  |TAMS 0x0000000083000000, 0x0000000083000000| Untracked 
|  25|0x0000000083100000, 0x0000000083100000, 0x0000000083200000|  0%| F|  |TAMS 0x0000000083100000, 0x0000000083100000| Untracked 
|  26|0x0000000083200000, 0x0000000083200000, 0x0000000083300000|  0%| F|  |TAMS 0x0000000083200000, 0x0000000083200000| Untracked 
|  27|0x0000000083300000, 0x0000000083300000, 0x0000000083400000|  0%| F|  |TAMS 0x0000000083300000, 0x0000000083300000| Untracked 
|  28|0x0000000083400000, 0x0000000083400000, 0x0000000083500000|  0%| F|  |TAMS 0x0000000083400000, 0x0000000083400000| Untracked 
|  29|0x0000000083500000, 0x0000000083500000, 0x0000000083600000|  0%| F|  |TAMS 0x0000000083500000, 0x0000000083500000| Untracked 
|  30|0x0000000083600000, 0x0000000083600000, 0x0000000083700000|  0%| F|  |TAMS 0x0000000083600000, 0x0000000083600000| Untracked 
|  31|0x0000000083700000, 0x0000000083700000, 0x0000000083800000|  0%| F|  |TAMS 0x0000000083700000, 0x0000000083700000| Untracked 
|  32|0x0000000083800000, 0x0000000083800000, 0x0000000083900000|  0%| F|  |TAMS 0x0000000083800000, 0x0000000083800000| Untracked 
|  33|0x0000000083900000, 0x0000000083900000, 0x0000000083a00000|  0%| F|  |TAMS 0x0000000083900000, 0x0000000083900000| Untracked 
|  34|0x0000000083a00000, 0x0000000083a00000, 0x0000000083b00000|  0%| F|  |TAMS 0x0000000083a00000, 0x0000000083a00000| Untracked 
|  35|0x0000000083b00000, 0x0000000083b00000, 0x0000000083c00000|  0%| F|  |TAMS 0x0000000083b00000, 0x0000000083b00000| Untracked 
|  36|0x0000000083c00000, 0x0000000083c00000, 0x0000000083d00000|  0%| F|  |TAMS 0x0000000083c00000, 0x0000000083c00000| Untracked 
|  37|0x0000000083d00000, 0x0000000083d00000, 0x0000000083e00000|  0%| F|  |TAMS 0x0000000083d00000, 0x0000000083d00000| Untracked 
|  38|0x0000000083e00000, 0x0000000083e00000, 0x0000000083f00000|  0%| F|  |TAMS 0x0000000083e00000, 0x0000000083e00000| Untracked 
|  39|0x0000000083f00000, 0x0000000083f00000, 0x0000000084000000|  0%| F|  |TAMS 0x0000000083f00000, 0x0000000083f00000| Untracked 
|  40|0x0000000084000000, 0x0000000084000000, 0x0000000084100000|  0%| F|  |TAMS 0x0000000084000000, 0x0000000084000000| Untracked 
|  41|0x0000000084100000, 0x0000000084100000, 0x0000000084200000|  0%| F|  |TAMS 0x0000000084100000, 0x0000000084100000| Untracked 
|  42|0x0000000084200000, 0x0000000084200000, 0x0000000084300000|  0%| F|  |TAMS 0x0000000084200000, 0x0000000084200000| Untracked 
|  43|0x0000000084300000, 0x0000000084300000, 0x0000000084400000|  0%| F|  |TAMS 0x0000000084300000, 0x0000000084300000| Untracked 
|  44|0x0000000084400000, 0x0000000084400000, 0x0000000084500000|  0%| F|  |TAMS 0x0000000084400000, 0x0000000084400000| Untracked 
|  45|0x0000000084500000, 0x0000000084500000, 0x0000000084600000|  0%| F|  |TAMS 0x0000000084500000, 0x0000000084500000| Untracked 
|  46|0x0000000084600000, 0x0000000084600000, 0x0000000084700000|  0%| F|  |TAMS 0x0000000084600000, 0x0000000084600000| Untracked 
|  47|0x0000000084700000, 0x0000000084700000, 0x0000000084800000|  0%| F|  |TAMS 0x0000000084700000, 0x0000000084700000| Untracked 
|  48|0x0000000084800000, 0x0000000084800000, 0x0000000084900000|  0%| F|  |TAMS 0x0000000084800000, 0x0000000084800000| Untracked 
|  49|0x0000000084900000, 0x0000000084900000, 0x0000000084a00000|  0%| F|  |TAMS 0x0000000084900000, 0x0000000084900000| Untracked 
|  50|0x0000000084a00000, 0x0000000084a00000, 0x0000000084b00000|  0%| F|  |TAMS 0x0000000084a00000, 0x0000000084a00000| Untracked 
|  51|0x0000000084b00000, 0x0000000084b00000, 0x0000000084c00000|  0%| F|  |TAMS 0x0000000084b00000, 0x0000000084b00000| Untracked 
|  52|0x0000000084c00000, 0x0000000084c00000, 0x0000000084d00000|  0%| F|  |TAMS 0x0000000084c00000, 0x0000000084c00000| Untracked 
|  53|0x0000000084d00000, 0x0000000084d00000, 0x0000000084e00000|  0%| F|  |TAMS 0x0000000084d00000, 0x0000000084d00000| Untracked 
|  54|0x0000000084e00000, 0x0000000084e00000, 0x0000000084f00000|  0%| F|  |TAMS 0x0000000084e00000, 0x0000000084e00000| Untracked 
|  55|0x0000000084f00000, 0x0000000084f00000, 0x0000000085000000|  0%| F|  |TAMS 0x0000000084f00000, 0x0000000084f00000| Untracked 
|  56|0x0000000085000000, 0x0000000085000000, 0x0000000085100000|  0%| F|  |TAMS 0x0000000085000000, 0x0000000085000000| Untracked 
|  57|0x0000000085100000, 0x0000000085100000, 0x0000000085200000|  0%| F|  |TAMS 0x0000000085100000, 0x0000000085100000| Untracked 
|  58|0x0000000085200000, 0x0000000085200000, 0x0000000085300000|  0%| F|  |TAMS 0x0000000085200000, 0x0000000085200000| Untracked 
|  59|0x0000000085300000, 0x0000000085300000, 0x0000000085400000|  0%| F|  |TAMS 0x0000000085300000, 0x0000000085300000| Untracked 
|  60|0x0000000085400000, 0x0000000085400000, 0x0000000085500000|  0%| F|  |TAMS 0x0000000085400000, 0x0000000085400000| Untracked 
|  61|0x0000000085500000, 0x0000000085500000, 0x0000000085600000|  0%| F|  |TAMS 0x0000000085500000, 0x0000000085500000| Untracked 
|  62|0x0000000085600000, 0x0000000085600000, 0x0000000085700000|  0%| F|  |TAMS 0x0000000085600000, 0x0000000085600000| Untracked 
|  63|0x0000000085700000, 0x0000000085700000, 0x0000000085800000|  0%| F|  |TAMS 0x0000000085700000, 0x0000000085700000| Untracked 
|  64|0x0000000085800000, 0x0000000085800000, 0x0000000085900000|  0%| F|  |TAMS 0x0000000085800000, 0x0000000085800000| Untracked 
|  65|0x0000000085900000, 0x0000000085900000, 0x0000000085a00000|  0%| F|  |TAMS 0x0000000085900000, 0x0000000085900000| Untracked 
|  66|0x0000000085a00000, 0x0000000085a00000, 0x0000000085b00000|  0%| F|  |TAMS 0x0000000085a00000, 0x0000000085a00000| Untracked 
|  67|0x0000000085b00000, 0x0000000085b00000, 0x0000000085c00000|  0%| F|  |TAMS 0x0000000085b00000, 0x0000000085b00000| Untracked 
|  68|0x0000000085c00000, 0x0000000085c00000, 0x0000000085d00000|  0%| F|  |TAMS 0x0000000085c00000, 0x0000000085c00000| Untracked 
|  69|0x0000000085d00000, 0x0000000085d00000, 0x0000000085e00000|  0%| F|  |TAMS 0x0000000085d00000, 0x0000000085d00000| Untracked 
|  70|0x0000000085e00000, 0x0000000085e00000, 0x0000000085f00000|  0%| F|  |TAMS 0x0000000085e00000, 0x0000000085e00000| Untracked 
|  71|0x0000000085f00000, 0x0000000085f00000, 0x0000000086000000|  0%| F|  |TAMS 0x0000000085f00000, 0x0000000085f00000| Untracked 
|  72|0x0000000086000000, 0x0000000086000000, 0x0000000086100000|  0%| F|  |TAMS 0x0000000086000000, 0x0000000086000000| Untracked 
|  73|0x0000000086100000, 0x0000000086100000, 0x0000000086200000|  0%| F|  |TAMS 0x0000000086100000, 0x0000000086100000| Untracked 
|  74|0x0000000086200000, 0x0000000086200000, 0x0000000086300000|  0%| F|  |TAMS 0x0000000086200000, 0x0000000086200000| Untracked 
|  75|0x0000000086300000, 0x0000000086300000, 0x0000000086400000|  0%| F|  |TAMS 0x0000000086300000, 0x0000000086300000| Untracked 
|  76|0x0000000086400000, 0x0000000086400000, 0x0000000086500000|  0%| F|  |TAMS 0x0000000086400000, 0x0000000086400000| Untracked 
|  77|0x0000000086500000, 0x0000000086500000, 0x0000000086600000|  0%| F|  |TAMS 0x0000000086500000, 0x0000000086500000| Untracked 
|  78|0x0000000086600000, 0x0000000086600000, 0x0000000086700000|  0%| F|  |TAMS 0x0000000086600000, 0x0000000086600000| Untracked 
|  79|0x0000000086700000, 0x0000000086700000, 0x0000000086800000|  0%| F|  |TAMS 0x0000000086700000, 0x0000000086700000| Untracked 
|  80|0x0000000086800000, 0x0000000086800000, 0x0000000086900000|  0%| F|  |TAMS 0x0000000086800000, 0x0000000086800000| Untracked 
|  81|0x0000000086900000, 0x0000000086900000, 0x0000000086a00000|  0%| F|  |TAMS 0x0000000086900000, 0x0000000086900000| Untracked 
|  82|0x0000000086a00000, 0x0000000086a00000, 0x0000000086b00000|  0%| F|  |TAMS 0x0000000086a00000, 0x0000000086a00000| Untracked 
|  83|0x0000000086b00000, 0x0000000086b00000, 0x0000000086c00000|  0%| F|  |TAMS 0x0000000086b00000, 0x0000000086b00000| Untracked 
|  84|0x0000000086c00000, 0x0000000086c00000, 0x0000000086d00000|  0%| F|  |TAMS 0x0000000086c00000, 0x0000000086c00000| Untracked 
|  85|0x0000000086d00000, 0x0000000086d00000, 0x0000000086e00000|  0%| F|  |TAMS 0x0000000086d00000, 0x0000000086d00000| Untracked 
|  86|0x0000000086e00000, 0x0000000086e00000, 0x0000000086f00000|  0%| F|  |TAMS 0x0000000086e00000, 0x0000000086e00000| Untracked 
|  87|0x0000000086f00000, 0x0000000086f00000, 0x0000000087000000|  0%| F|  |TAMS 0x0000000086f00000, 0x0000000086f00000| Untracked 
|  88|0x0000000087000000, 0x0000000087000000, 0x0000000087100000|  0%| F|  |TAMS 0x0000000087000000, 0x0000000087000000| Untracked 
|  89|0x0000000087100000, 0x0000000087100000, 0x0000000087200000|  0%| F|  |TAMS 0x0000000087100000, 0x0000000087100000| Untracked 
|  90|0x0000000087200000, 0x0000000087200000, 0x0000000087300000|  0%| F|  |TAMS 0x0000000087200000, 0x0000000087200000| Untracked 
|  91|0x0000000087300000, 0x0000000087300000, 0x0000000087400000|  0%| F|  |TAMS 0x0000000087300000, 0x0000000087300000| Untracked 
|  92|0x0000000087400000, 0x0000000087400000, 0x0000000087500000|  0%| F|  |TAMS 0x0000000087400000, 0x0000000087400000| Untracked 
|  93|0x0000000087500000, 0x0000000087500000, 0x0000000087600000|  0%| F|  |TAMS 0x0000000087500000, 0x0000000087500000| Untracked 
|  94|0x0000000087600000, 0x0000000087600000, 0x0000000087700000|  0%| F|  |TAMS 0x0000000087600000, 0x0000000087600000| Untracked 
|  95|0x0000000087700000, 0x0000000087700000, 0x0000000087800000|  0%| F|  |TAMS 0x0000000087700000, 0x0000000087700000| Untracked 
|  96|0x0000000087800000, 0x0000000087800000, 0x0000000087900000|  0%| F|  |TAMS 0x0000000087800000, 0x0000000087800000| Untracked 
|  97|0x0000000087900000, 0x0000000087900000, 0x0000000087a00000|  0%| F|  |TAMS 0x0000000087900000, 0x0000000087900000| Untracked 
|  98|0x0000000087a00000, 0x0000000087a00000, 0x0000000087b00000|  0%| F|  |TAMS 0x0000000087a00000, 0x0000000087a00000| Untracked 
|  99|0x0000000087b00000, 0x0000000087b00000, 0x0000000087c00000|  0%| F|  |TAMS 0x0000000087b00000, 0x0000000087b00000| Untracked 
| 100|0x0000000087c00000, 0x0000000087c00000, 0x0000000087d00000|  0%| F|  |TAMS 0x0000000087c00000, 0x0000000087c00000| Untracked 
| 101|0x0000000087d00000, 0x0000000087d00000, 0x0000000087e00000|  0%| F|  |TAMS 0x0000000087d00000, 0x0000000087d00000| Untracked 
| 102|0x0000000087e00000, 0x0000000087f00000, 0x0000000087f00000|100%| S|CS|TAMS 0x0000000087e00000, 0x0000000087e00000| Complete 
| 103|0x0000000087f00000, 0x0000000088000000, 0x0000000088000000|100%| S|CS|TAMS 0x0000000087f00000, 0x0000000087f00000| Complete 
| 104|0x0000000088000000, 0x0000000088100000, 0x0000000088100000|100%| S|CS|TAMS 0x0000000088000000, 0x0000000088000000| Complete 
| 105|0x0000000088100000, 0x0000000088100000, 0x0000000088200000|  0%| F|  |TAMS 0x0000000088100000, 0x0000000088100000| Untracked 
| 106|0x0000000088200000, 0x0000000088200000, 0x0000000088300000|  0%| F|  |TAMS 0x0000000088200000, 0x0000000088200000| Untracked 
| 107|0x0000000088300000, 0x0000000088300000, 0x0000000088400000|  0%| F|  |TAMS 0x0000000088300000, 0x0000000088300000| Untracked 
| 108|0x0000000088400000, 0x00000000884654e0, 0x0000000088500000| 39%| E|  |TAMS 0x0000000088400000, 0x0000000088400000| Complete 
| 109|0x0000000088500000, 0x0000000088600000, 0x0000000088600000|100%| E|CS|TAMS 0x0000000088500000, 0x0000000088500000| Complete 
| 110|0x0000000088600000, 0x0000000088700000, 0x0000000088700000|100%| E|CS|TAMS 0x0000000088600000, 0x0000000088600000| Complete 
| 111|0x0000000088700000, 0x0000000088800000, 0x0000000088800000|100%| E|CS|TAMS 0x0000000088700000, 0x0000000088700000| Complete 
| 112|0x0000000088800000, 0x0000000088900000, 0x0000000088900000|100%| E|CS|TAMS 0x0000000088800000, 0x0000000088800000| Complete 
| 113|0x0000000088900000, 0x0000000088a00000, 0x0000000088a00000|100%| E|CS|TAMS 0x0000000088900000, 0x0000000088900000| Complete 
| 114|0x0000000088a00000, 0x0000000088b00000, 0x0000000088b00000|100%| E|CS|TAMS 0x0000000088a00000, 0x0000000088a00000| Complete 
| 115|0x0000000088b00000, 0x0000000088c00000, 0x0000000088c00000|100%| E|CS|TAMS 0x0000000088b00000, 0x0000000088b00000| Complete 
| 116|0x0000000088c00000, 0x0000000088d00000, 0x0000000088d00000|100%| E|CS|TAMS 0x0000000088c00000, 0x0000000088c00000| Complete 
| 117|0x0000000088d00000, 0x0000000088e00000, 0x0000000088e00000|100%| E|CS|TAMS 0x0000000088d00000, 0x0000000088d00000| Complete 
| 118|0x0000000088e00000, 0x0000000088f00000, 0x0000000088f00000|100%| E|CS|TAMS 0x0000000088e00000, 0x0000000088e00000| Complete 
| 119|0x0000000088f00000, 0x0000000089000000, 0x0000000089000000|100%| E|CS|TAMS 0x0000000088f00000, 0x0000000088f00000| Complete 
| 120|0x0000000089000000, 0x0000000089100000, 0x0000000089100000|100%| E|CS|TAMS 0x0000000089000000, 0x0000000089000000| Complete 
| 121|0x0000000089100000, 0x0000000089200000, 0x0000000089200000|100%| E|CS|TAMS 0x0000000089100000, 0x0000000089100000| Complete 
| 122|0x0000000089200000, 0x0000000089300000, 0x0000000089300000|100%| E|CS|TAMS 0x0000000089200000, 0x0000000089200000| Complete 
| 123|0x0000000089300000, 0x0000000089400000, 0x0000000089400000|100%| E|CS|TAMS 0x0000000089300000, 0x0000000089300000| Complete 
| 124|0x0000000089400000, 0x0000000089500000, 0x0000000089500000|100%| E|CS|TAMS 0x0000000089400000, 0x0000000089400000| Complete 
| 125|0x0000000089500000, 0x0000000089600000, 0x0000000089600000|100%| E|CS|TAMS 0x0000000089500000, 0x0000000089500000| Complete 
| 126|0x0000000089600000, 0x0000000089700000, 0x0000000089700000|100%| E|CS|TAMS 0x0000000089600000, 0x0000000089600000| Complete 
| 127|0x0000000089700000, 0x0000000089800000, 0x0000000089800000|100%| E|CS|TAMS 0x0000000089700000, 0x0000000089700000| Complete 

Card table byte_map: [0x00000277f7ee0000,0x00000277f82e0000] _byte_map_base: 0x00000277f7ad4000

Marking Bits (Prev, Next): (CMBitMap*) 0x00000277f01fe720, (CMBitMap*) 0x00000277f01fe760
 Prev Bits: [0x00000277f86e0000, 0x00000277fa680000)
 Next Bits: [0x00000277fa680000, 0x00000277fc620000)

Polling page: 0x00000277ee130000

Metaspace:

Usage:
  Non-class:     18.17 MB used.
      Class:      2.51 MB used.
       Both:     20.68 MB used.

Virtual space:
  Non-class space:       64.00 MB reserved,      18.25 MB ( 29%) committed,  1 nodes.
      Class space:        1.00 GB reserved,       2.62 MB ( <1%) committed,  1 nodes.
             Both:        1.06 GB reserved,      20.88 MB (  2%) committed. 

Chunk freelists:
   Non-Class:  1.55 MB
       Class:  1.34 MB
        Both:  2.89 MB

MaxMetaspaceSize: unlimited
CompressedClassSpaceSize: 1.00 GB
Initial GC threshold: 21.00 MB
Current GC threshold: 21.00 MB
CDS: on
MetaspaceReclaimPolicy: balanced
 - commit_granule_bytes: 65536.
 - commit_granule_words: 8192.
 - virtual_space_node_default_size: 8388608.
 - enlarge_chunks_in_place: 1.
 - new_chunks_are_fully_committed: 0.
 - uncommit_free_chunks: 1.
 - use_allocation_guard: 0.


Internal statistics:

num_allocs_failed_limit: 0.
num_arena_births: 212.
num_arena_deaths: 0.
num_vsnodes_births: 2.
num_vsnodes_deaths: 0.
num_space_committed: 334.
num_space_uncommitted: 0.
num_chunks_returned_to_freelist: 0.
num_chunks_taken_from_freelist: 739.
num_chunk_merges: 0.
num_chunk_splits: 502.
num_chunks_enlarged: 406.
num_inconsistent_stats: 0.

CodeHeap 'non-profiled nmethods': size=120000Kb used=759Kb max_used=759Kb free=119240Kb
 bounds [0x0000027787ad0000, 0x0000027787d40000, 0x000002778f000000]
CodeHeap 'profiled nmethods': size=120000Kb used=3877Kb max_used=3877Kb free=116122Kb
 bounds [0x00000277805a0000, 0x0000027780970000, 0x0000027787ad0000]
CodeHeap 'non-nmethods': size=5760Kb used=1294Kb max_used=1311Kb free=4465Kb
 bounds [0x0000027780000000, 0x0000027780270000, 0x00000277805a0000]
 total_blobs=2647 nmethods=2052 adapters=507
 compilation: enabled
              stopped_count=0, restarted_count=0
 full_count=0

Compilation events (20 events):
Event: 12.596 Thread 0x00000277feaa9430 nmethod 2046 0x0000027780963690 code [0x0000027780963840, 0x0000027780963a68]
Event: 12.597 Thread 0x00000277feaa9430 2047       3       java.nio.Buffer::nextGetIndex (32 bytes)
Event: 12.598 Thread 0x00000277feaa9430 nmethod 2047 0x0000027780963b10 code [0x0000027780963cc0, 0x0000027780963e88]
Event: 12.601 Thread 0x00000277feaa0230 2048       4       jdk.internal.org.objectweb.asm.SymbolTable::addConstantUtf8Reference (101 bytes)
Event: 12.603 Thread 0x00000277feaa9430 2049       3       io.netty.channel.AbstractChannelHandlerContext::executor (22 bytes)
Event: 12.604 Thread 0x00000277feaa9430 nmethod 2049 0x0000027780963f90 code [0x0000027780964180, 0x0000027780964868]
Event: 12.623 Thread 0x00000277feaa9430 2051       3       io.netty.util.internal.shaded.org.jctools.queues.LinkedArrayQueueUtil::modifiedCalcCircularRefElementOffset (14 bytes)
Event: 12.624 Thread 0x00000277feaa9430 nmethod 2051 0x0000027780964a90 code [0x0000027780964c20, 0x0000027780964d18]
Event: 12.626 Thread 0x00000277feaa9430 2053   !   3       java.util.regex.Pattern::closure (276 bytes)
Event: 12.633 Thread 0x00000277feaa9430 nmethod 2053 0x0000027780964d90 code [0x00000277809651a0, 0x0000027780966c68]
Event: 12.655 Thread 0x00000277feaa9430 2054       3       java.util.zip.ZipFile$Source$Key::hashCode (46 bytes)
Event: 12.657 Thread 0x00000277feaa9430 nmethod 2054 0x0000027780967610 code [0x0000027780967820, 0x0000027780967c98]
Event: 12.657 Thread 0x00000277feaa9430 2055       3       java.nio.file.attribute.FileTime::toMillis (98 bytes)
Event: 12.659 Thread 0x00000277feaa9430 nmethod 2055 0x0000027780967f10 code [0x00000277809680e0, 0x0000027780968588]
Event: 12.669 Thread 0x00000277feaa9430 2056       3       java.nio.DirectLongBufferU::ix (10 bytes)
Event: 12.670 Thread 0x00000277feaa9430 nmethod 2056 0x0000027780968710 code [0x00000277809688a0, 0x00000277809689b8]
Event: 12.681 Thread 0x00000277feaa9430 2057       3       java.io.InputStream::<init> (5 bytes)
Event: 12.682 Thread 0x00000277feaa9430 nmethod 2057 0x0000027780968a90 code [0x0000027780968c20, 0x0000027780968d98]
Event: 12.682 Thread 0x00000277feaa9430 2058       3       java.nio.CharBuffer::arrayOffset (35 bytes)
Event: 12.683 Thread 0x00000277feaa9430 nmethod 2058 0x0000027780968e90 code [0x0000027780969060, 0x0000027780969378]

GC Heap History (6 events):
Event: 2.618 GC heap before
{Heap before GC invocations=0 (full 0):
 garbage-first heap   total 131072K, used 13312K [0x0000000081800000, 0x0000000100000000)
  region size 1024K, 13 young (13312K), 0 survivors (0K)
 Metaspace       used 4783K, committed 4992K, reserved 1114112K
  class space    used 494K, committed 640K, reserved 1048576K
}
Event: 2.640 GC heap after
{Heap after GC invocations=1 (full 0):
 garbage-first heap   total 131072K, used 5094K [0x0000000081800000, 0x0000000100000000)
  region size 1024K, 2 young (2048K), 2 survivors (2048K)
 Metaspace       used 4783K, committed 4992K, reserved 1114112K
  class space    used 494K, committed 640K, reserved 1048576K
}
Event: 3.685 GC heap before
{Heap before GC invocations=1 (full 0):
 garbage-first heap   total 131072K, used 13286K [0x0000000081800000, 0x0000000100000000)
  region size 1024K, 10 young (10240K), 2 survivors (2048K)
 Metaspace       used 7466K, committed 7616K, reserved 1114112K
  class space    used 842K, committed 896K, reserved 1048576K
}
Event: 3.701 GC heap after
{Heap after GC invocations=2 (full 0):
 garbage-first heap   total 131072K, used 5964K [0x0000000081800000, 0x0000000100000000)
  region size 1024K, 1 young (1024K), 1 survivors (1024K)
 Metaspace       used 7466K, committed 7616K, reserved 1114112K
  class space    used 842K, committed 896K, reserved 1048576K
}
Event: 6.241 GC heap before
{Heap before GC invocations=2 (full 0):
 garbage-first heap   total 131072K, used 27468K [0x0000000081800000, 0x0000000100000000)
  region size 1024K, 23 young (23552K), 1 survivors (1024K)
 Metaspace       used 15769K, committed 16000K, reserved 1114112K
  class space    used 1830K, committed 1920K, reserved 1048576K
}
Event: 6.256 GC heap after
{Heap after GC invocations=3 (full 0):
 garbage-first heap   total 131072K, used 8563K [0x0000000081800000, 0x0000000100000000)
  region size 1024K, 3 young (3072K), 3 survivors (3072K)
 Metaspace       used 15769K, committed 16000K, reserved 1114112K
  class space    used 1830K, committed 1920K, reserved 1048576K
}

Deoptimization events (20 events):
Event: 6.238 Thread 0x00000277f019f510 Uncommon trap: trap_request=0xffffff45 fr.pc=0x0000027787b3b324 relative=0x0000000000000584
Event: 6.238 Thread 0x00000277f019f510 Uncommon trap: reason=unstable_if action=reinterpret pc=0x0000027787b3b324 method=java.lang.String.replace(CC)Ljava/lang/String; @ 2 c2
Event: 6.238 Thread 0x00000277f019f510 DEOPT PACKING pc=0x0000027787b3b324 sp=0x000000ff389fdf30
Event: 6.238 Thread 0x00000277f019f510 DEOPT UNPACKING pc=0x00000277800523a3 sp=0x000000ff389fdee0 mode 2
Event: 6.296 Thread 0x00000277ff40d540 Uncommon trap: trap_request=0xffffff45 fr.pc=0x0000027787b47074 relative=0x00000000000000d4
Event: 6.296 Thread 0x00000277ff40d540 Uncommon trap: reason=unstable_if action=reinterpret pc=0x0000027787b47074 method=java.lang.CharacterDataLatin1.digit(II)I @ 12 c2
Event: 6.297 Thread 0x00000277ff40d540 DEOPT PACKING pc=0x0000027787b47074 sp=0x000000ff3a7fea70
Event: 6.297 Thread 0x00000277ff40d540 DEOPT UNPACKING pc=0x00000277800523a3 sp=0x000000ff3a7fe928 mode 2
Event: 6.313 Thread 0x00000277ff40d540 Uncommon trap: trap_request=0xffffff45 fr.pc=0x0000027787b453c8 relative=0x00000000000000a8
Event: 6.313 Thread 0x00000277ff40d540 Uncommon trap: reason=unstable_if action=reinterpret pc=0x0000027787b453c8 method=java.lang.CharacterDataLatin1.digit(II)I @ 12 c2
Event: 6.313 Thread 0x00000277ff40d540 DEOPT PACKING pc=0x0000027787b453c8 sp=0x000000ff3a7fe9d0
Event: 6.313 Thread 0x00000277ff40d540 DEOPT UNPACKING pc=0x00000277800523a3 sp=0x000000ff3a7fe948 mode 2
Event: 12.213 Thread 0x00000277f019f510 Uncommon trap: trap_request=0xffffffde fr.pc=0x0000027787b47d84 relative=0x0000000000000904
Event: 12.214 Thread 0x00000277f019f510 Uncommon trap: reason=class_check action=maybe_recompile pc=0x0000027787b47d84 method=java.util.HashMap.putVal(ILjava/lang/Object;Ljava/lang/Object;ZZ)Ljava/lang/Object; @ 91 c2
Event: 12.214 Thread 0x00000277f019f510 DEOPT PACKING pc=0x0000027787b47d84 sp=0x000000ff389fd760
Event: 12.214 Thread 0x00000277f019f510 DEOPT UNPACKING pc=0x00000277800523a3 sp=0x000000ff389fd6a8 mode 2
Event: 12.373 Thread 0x00000277f019f510 Uncommon trap: trap_request=0xffffff45 fr.pc=0x0000027787b7c190 relative=0x0000000000000d70
Event: 12.374 Thread 0x00000277f019f510 Uncommon trap: reason=unstable_if action=reinterpret pc=0x0000027787b7c190 method=java.util.concurrent.ConcurrentHashMap.putVal(Ljava/lang/Object;Ljava/lang/Object;Z)Ljava/lang/Object; @ 231 c2
Event: 12.374 Thread 0x00000277f019f510 DEOPT PACKING pc=0x0000027787b7c190 sp=0x000000ff389fdf10
Event: 12.374 Thread 0x00000277f019f510 DEOPT UNPACKING pc=0x00000277800523a3 sp=0x000000ff389fde80 mode 2

Classes loaded (20 events):
Event: 12.520 Loading class java/util/concurrent/locks/ReentrantReadWriteLock$FairSync
Event: 12.520 Loading class java/util/concurrent/locks/ReentrantReadWriteLock$Sync
Event: 12.521 Loading class java/util/concurrent/locks/ReentrantReadWriteLock$Sync done
Event: 12.521 Loading class java/util/concurrent/locks/ReentrantReadWriteLock$FairSync done
Event: 12.521 Loading class java/util/concurrent/locks/ReentrantReadWriteLock$Sync$ThreadLocalHoldCounter
Event: 12.521 Loading class java/util/concurrent/locks/ReentrantReadWriteLock$Sync$ThreadLocalHoldCounter done
Event: 12.521 Loading class java/util/concurrent/locks/ReentrantReadWriteLock$ReadLock
Event: 12.521 Loading class java/util/concurrent/locks/ReentrantReadWriteLock$ReadLock done
Event: 12.521 Loading class java/util/concurrent/locks/ReentrantReadWriteLock$WriteLock
Event: 12.522 Loading class java/util/concurrent/locks/ReentrantReadWriteLock$WriteLock done
Event: 12.549 Loading class java/util/Base64
Event: 12.550 Loading class java/util/Base64 done
Event: 12.550 Loading class java/util/Base64$Encoder
Event: 12.551 Loading class java/util/Base64$Encoder done
Event: 12.560 Loading class java/util/concurrent/CompletableFuture$UniExceptionally
Event: 12.561 Loading class java/util/concurrent/CompletableFuture$UniCompletion
Event: 12.561 Loading class java/util/concurrent/CompletableFuture$UniCompletion done
Event: 12.561 Loading class java/util/concurrent/CompletableFuture$UniExceptionally done
Event: 12.596 Loading class java/lang/Deprecated
Event: 12.597 Loading class java/lang/Deprecated done

Classes unloaded (0 events):
No events

Classes redefined (0 events):
No events

Internal exceptions (20 events):
Event: 6.392 Thread 0x00000277ff40d540 Exception <a 'java/net/ConnectException'{0x000000008960b810}: Connection refused: no further information> (0x000000008960b810) 
thrown [s\open\src\hotspot\share\prims\jni.cpp, line 535]
Event: 6.392 Thread 0x00000277ff40d540 Exception <a 'java/net/SocketException'{0x000000008960bb48}: Socket is not connected: shutdown> (0x000000008960bb48) 
thrown [s\open\src\hotspot\share\prims\jni.cpp, line 535]
Event: 6.488 Thread 0x00000277ff40d540 Exception <a 'java/net/ConnectException'{0x000000008960cae0}: Connection refused: no further information> (0x000000008960cae0) 
thrown [s\open\src\hotspot\share\prims\jni.cpp, line 535]
Event: 6.488 Thread 0x00000277ff40d540 Exception <a 'java/net/SocketException'{0x000000008960ce18}: Socket is not connected: shutdown> (0x000000008960ce18) 
thrown [s\open\src\hotspot\share\prims\jni.cpp, line 535]
Event: 6.652 Thread 0x00000277ff40d540 Exception <a 'java/net/ConnectException'{0x000000008960ddb0}: Connection refused: no further information> (0x000000008960ddb0) 
thrown [s\open\src\hotspot\share\prims\jni.cpp, line 535]
Event: 6.652 Thread 0x00000277ff40d540 Exception <a 'java/net/SocketException'{0x000000008960e0e8}: Socket is not connected: shutdown> (0x000000008960e0e8) 
thrown [s\open\src\hotspot\share\prims\jni.cpp, line 535]
Event: 6.978 Thread 0x00000277ff40d540 Exception <a 'java/net/ConnectException'{0x000000008960f080}: Connection refused: no further information> (0x000000008960f080) 
thrown [s\open\src\hotspot\share\prims\jni.cpp, line 535]
Event: 6.978 Thread 0x00000277ff40d540 Exception <a 'java/net/SocketException'{0x000000008960f3b8}: Socket is not connected: shutdown> (0x000000008960f3b8) 
thrown [s\open\src\hotspot\share\prims\jni.cpp, line 535]
Event: 7.307 Thread 0x00000277ff40d540 Exception <a 'java/net/ConnectException'{0x0000000089610350}: Connection refused: no further information> (0x0000000089610350) 
thrown [s\open\src\hotspot\share\prims\jni.cpp, line 535]
Event: 7.307 Thread 0x00000277ff40d540 Exception <a 'java/net/SocketException'{0x0000000089610688}: Socket is not connected: shutdown> (0x0000000089610688) 
thrown [s\open\src\hotspot\share\prims\jni.cpp, line 535]
Event: 7.690 Thread 0x00000277f019f510 Exception <a 'java/lang/NoSuchMethodError'{0x000000008951d0e0}: 'double java.lang.invoke.DirectMethodHandle$Holder.invokeVirtual(java.lang.Object, java.lang.Object)'> (0x000000008951d0e0) 
thrown [s\open\src\hotspot\share\interpreter\linkResolver.cpp, line 766]
Event: 7.691 Thread 0x00000277f019f510 Exception <a 'java/lang/NoSuchMethodError'{0x00000000895239d8}: 'float java.lang.invoke.DirectMethodHandle$Holder.invokeVirtual(java.lang.Object, java.lang.Object)'> (0x00000000895239d8) 
thrown [s\open\src\hotspot\share\interpreter\linkResolver.cpp, line 766]
Event: 7.696 Thread 0x00000277f019f510 Exception <a 'java/lang/NoSuchMethodError'{0x000000008952cc58}: 'long java.lang.invoke.DirectMethodHandle$Holder.invokeVirtual(java.lang.Object, java.lang.Object)'> (0x000000008952cc58) 
thrown [s\open\src\hotspot\share\interpreter\linkResolver.cpp, line 766]
Event: 7.817 Thread 0x00000277f019f510 Exception <a 'java/lang/NoSuchMethodError'{0x00000000894d0f20}: 'void java.lang.invoke.DirectMethodHandle$Holder.invokeSpecial(java.lang.Object, java.lang.Object, java.lang.Object, java.lang.Object, java.lang.Object)'> (0x00000000894d0f20) 
thrown [s\open\src\hotspot\share\interpreter\linkResolver.cpp, line 766]
Event: 7.820 Thread 0x00000277f019f510 Exception <a 'java/lang/NoSuchMethodError'{0x00000000894d7dc0}: 'void java.lang.invoke.DirectMethodHandle$Holder.invokeStatic(java.lang.Object, java.lang.Object, int)'> (0x00000000894d7dc0) 
thrown [s\open\src\hotspot\share\interpreter\linkResolver.cpp, line 766]
Event: 7.950 Thread 0x00000277f019f510 Exception <a 'java/lang/NoSuchMethodError'{0x000000008925ec88}: 'int java.lang.invoke.DirectMethodHandle$Holder.invokeSpecialIFC(java.lang.Object, java.lang.Object, java.lang.Object)'> (0x000000008925ec88) 
thrown [s\open\src\hotspot\share\interpreter\linkResolver.cpp, line 766]
Event: 8.238 Thread 0x00000277f019f510 Exception <a 'java/lang/NoSuchMethodError'{0x00000000890fef40}: 'void java.lang.invoke.DirectMethodHandle$Holder.invokeSpecial(java.lang.Object, java.lang.Object, java.lang.Object, java.lang.Object, java.lang.Object, java.lang.Object)'> (0x00000000890fef40) 
thrown [s\open\src\hotspot\share\interpreter\linkResolver.cpp, line 766]
Event: 12.180 Thread 0x00000277f019f510 Exception <a 'java/lang/NoSuchMethodError'{0x00000000889a2d88}: 'java.lang.Object java.lang.invoke.DirectMethodHandle$Holder.invokeSpecialIFC(java.lang.Object, java.lang.Object, java.lang.Object)'> (0x00000000889a2d88) 
thrown [s\open\src\hotspot\share\interpreter\linkResolver.cpp, line 766]
Event: 12.269 Thread 0x00000277f019f510 Exception <a 'java/lang/NoSuchMethodError'{0x000000008883e5e0}: 'java.lang.Object java.lang.invoke.DirectMethodHandle$Holder.invokeStatic(java.lang.Object, int, java.lang.Object)'> (0x000000008883e5e0) 
thrown [s\open\src\hotspot\share\interpreter\linkResolver.cpp, line 766]
Event: 12.302 Thread 0x00000277f019f510 Exception <a 'java/lang/ClassNotFoundException'{0x000000008886c720}: sun/util/logging/resources/spi/loggingProvider> (0x000000008886c720) 
thrown [s\open\src\hotspot\share\classfile\systemDictionary.cpp, line 255]

VM Operations (20 events):
Event: 4.162 Executing VM operation: HandshakeAllThreads
Event: 4.162 Executing VM operation: HandshakeAllThreads done
Event: 4.592 Executing VM operation: HandshakeAllThreads
Event: 4.592 Executing VM operation: HandshakeAllThreads done
Event: 5.607 Executing VM operation: Cleanup
Event: 5.607 Executing VM operation: Cleanup done
Event: 6.241 Executing VM operation: G1CollectForAllocation
Event: 6.256 Executing VM operation: G1CollectForAllocation done
Event: 7.258 Executing VM operation: Cleanup
Event: 7.259 Executing VM operation: Cleanup done
Event: 7.645 Executing VM operation: HandshakeAllThreads
Event: 7.645 Executing VM operation: HandshakeAllThreads done
Event: 7.652 Executing VM operation: HandshakeAllThreads
Event: 7.652 Executing VM operation: HandshakeAllThreads done
Event: 8.667 Executing VM operation: Cleanup
Event: 8.668 Executing VM operation: Cleanup done
Event: 9.675 Executing VM operation: Cleanup
Event: 9.675 Executing VM operation: Cleanup done
Event: 11.693 Executing VM operation: Cleanup
Event: 11.693 Executing VM operation: Cleanup done

Events (20 events):
Event: 1.196 Thread 0x00000277fee68ff0 Thread exited: 0x00000277fee68ff0
Event: 1.546 Loaded shared library C:\Program Files\Java\jdk-18.0.1\bin\verify.dll
Event: 1.866 Thread 0x00000277ff222bd0 Thread added: 0x00000277ff222bd0
Event: 2.133 Thread 0x00000277ff222bd0 Thread exited: 0x00000277ff222bd0
Event: 3.864 Thread 0x0000027793212b90 Thread added: 0x0000027793212b90
Event: 4.389 Thread 0x000002779325c8f0 Thread added: 0x000002779325c8f0
Event: 4.563 Loaded shared library C:\Program Files\Java\jdk-18.0.1\bin\sunmscapi.dll
Event: 4.621 Thread 0x00000277932b4780 Thread added: 0x00000277932b4780
Event: 5.425 Thread 0x00000277932b4780 Thread exited: 0x00000277932b4780
Event: 6.258 Thread 0x00000277ff58da40 Thread added: 0x00000277ff58da40
Event: 6.267 Thread 0x00000277937de010 Thread added: 0x00000277937de010
Event: 6.269 Thread 0x000002779335d020 Thread added: 0x000002779335d020
Event: 6.277 Thread 0x00000277ff40d540 Thread added: 0x00000277ff40d540
Event: 6.332 Thread 0x00000277ff40ed50 Thread added: 0x00000277ff40ed50
Event: 6.333 Thread 0x00000277ff40da10 Thread added: 0x00000277ff40da10
Event: 7.650 Thread 0x00000277ff410090 Thread added: 0x00000277ff410090
Event: 8.545 Thread 0x00000277ff40fbc0 Thread added: 0x00000277ff40fbc0
Event: 12.476 Thread 0x00000277ff410560 Thread added: 0x00000277ff410560
Event: 12.555 Thread 0x00000277ff40e3b0 Thread added: 0x00000277ff40e3b0
Event: 12.666 Thread 0x00000277ff410090 Thread exited: 0x00000277ff410090


Dynamic libraries:
0x00007ff683d60000 - 0x00007ff683d70000 	C:\Program Files\Java\jdk-18.0.1\bin\java.exe
0x00007ffb69210000 - 0x00007ffb69405000 	C:\Windows\SYSTEM32\ntdll.dll
0x00007ffb68540000 - 0x00007ffb685fd000 	C:\Windows\System32\KERNEL32.DLL
0x00007ffb66cf0000 - 0x00007ffb66fbd000 	C:\Windows\System32\KERNELBASE.dll
0x00007ffb66fc0000 - 0x00007ffb670c0000 	C:\Windows\System32\ucrtbase.dll
0x00007ffb60030000 - 0x00007ffb6004a000 	C:\Program Files\Java\jdk-18.0.1\bin\VCRUNTIME140.dll
0x00007ffb60390000 - 0x00007ffb603a8000 	C:\Program Files\Java\jdk-18.0.1\bin\jli.dll
0x00007ffb672e0000 - 0x00007ffb6738e000 	C:\Windows\System32\ADVAPI32.dll
0x00007ffb686b0000 - 0x00007ffb6874e000 	C:\Windows\System32\msvcrt.dll
0x00007ffb68610000 - 0x00007ffb686ac000 	C:\Windows\System32\sechost.dll
0x00007ffb67ae0000 - 0x00007ffb67c05000 	C:\Windows\System32\RPCRT4.dll
0x00007ffb687e0000 - 0x00007ffb68980000 	C:\Windows\System32\USER32.dll
0x00007ffb66b30000 - 0x00007ffb66b52000 	C:\Windows\System32\win32u.dll
0x00007ffb68750000 - 0x00007ffb6877a000 	C:\Windows\System32\GDI32.dll
0x00007ffb61330000 - 0x00007ffb615ca000 	C:\Windows\WinSxS\amd64_microsoft.windows.common-controls_6595b64144ccf1df_6.0.19041.1110_none_60b5254171f9507e\COMCTL32.dll
0x00007ffb66920000 - 0x00007ffb66a2b000 	C:\Windows\System32\gdi32full.dll
0x00007ffb67110000 - 0x00007ffb671ad000 	C:\Windows\System32\msvcp_win.dll
0x00007ffb5d9e0000 - 0x00007ffb5d9ea000 	C:\Windows\SYSTEM32\VERSION.dll
0x00007ffb67d00000 - 0x00007ffb67d30000 	C:\Windows\System32\IMM32.DLL
0x00007ffb604e0000 - 0x00007ffb604ec000 	C:\Program Files\Java\jdk-18.0.1\bin\vcruntime140_1.dll
0x00007ffb4d990000 - 0x00007ffb4da1d000 	C:\Program Files\Java\jdk-18.0.1\bin\msvcp140.dll
0x00007ffb36b60000 - 0x00007ffb37770000 	C:\Program Files\Java\jdk-18.0.1\bin\server\jvm.dll
0x00007ffb67c10000 - 0x00007ffb67c18000 	C:\Windows\System32\PSAPI.DLL
0x00007ffb5ba10000 - 0x00007ffb5ba19000 	C:\Windows\SYSTEM32\WSOCK32.dll
0x00007ffb5df00000 - 0x00007ffb5df27000 	C:\Windows\SYSTEM32\WINMM.dll
0x00007ffb67f40000 - 0x00007ffb67fab000 	C:\Windows\System32\WS2_32.dll
0x00007ffb65240000 - 0x00007ffb65252000 	C:\Windows\SYSTEM32\kernel.appcore.dll
0x00007ffb60010000 - 0x00007ffb6001a000 	C:\Program Files\Java\jdk-18.0.1\bin\jimage.dll
0x00007ffb64710000 - 0x00007ffb648f4000 	C:\Windows\SYSTEM32\DBGHELP.DLL
0x00007ffb5ff90000 - 0x00007ffb5ffbc000 	C:\Windows\SYSTEM32\dbgcore.DLL
0x00007ffb66aa0000 - 0x00007ffb66b22000 	C:\Windows\System32\bcryptPrimitives.dll
0x00007ffb5e730000 - 0x00007ffb5e755000 	C:\Program Files\Java\jdk-18.0.1\bin\java.dll
0x00007ffb4d6b0000 - 0x00007ffb4d786000 	C:\Program Files\Java\jdk-18.0.1\bin\jsvml.dll
0x00007ffb67390000 - 0x00007ffb67ad4000 	C:\Windows\System32\SHELL32.dll
0x00007ffb64900000 - 0x00007ffb65094000 	C:\Windows\SYSTEM32\windows.storage.dll
0x00007ffb68b30000 - 0x00007ffb68e84000 	C:\Windows\System32\combase.dll
0x00007ffb66380000 - 0x00007ffb663ac000 	C:\Windows\SYSTEM32\Wldp.dll
0x00007ffb69120000 - 0x00007ffb691cd000 	C:\Windows\System32\SHCORE.dll
0x00007ffb68780000 - 0x00007ffb687d5000 	C:\Windows\System32\shlwapi.dll
0x00007ffb66860000 - 0x00007ffb6687f000 	C:\Windows\SYSTEM32\profapi.dll
0x00007ffb5bbc0000 - 0x00007ffb5bbd3000 	C:\Program Files\Java\jdk-18.0.1\bin\net.dll
0x00007ffb5ca50000 - 0x00007ffb5cb5a000 	C:\Windows\SYSTEM32\WINHTTP.dll
0x00007ffb660e0000 - 0x00007ffb6614a000 	C:\Windows\system32\mswsock.dll
0x00007ffb59580000 - 0x00007ffb59596000 	C:\Program Files\Java\jdk-18.0.1\bin\nio.dll
0x00007ffb59550000 - 0x00007ffb59568000 	C:\Program Files\Java\jdk-18.0.1\bin\zip.dll
0x00007ffb60d60000 - 0x00007ffb60d69000 	C:\Program Files\Java\jdk-18.0.1\bin\management.dll
0x00007ffb60d50000 - 0x00007ffb60d5b000 	C:\Program Files\Java\jdk-18.0.1\bin\management_ext.dll
0x00007ffb60000000 - 0x00007ffb60010000 	C:\Program Files\Java\jdk-18.0.1\bin\verify.dll
0x00007ffb662d0000 - 0x00007ffb662e8000 	C:\Windows\SYSTEM32\CRYPTSP.dll
0x00007ffb659f0000 - 0x00007ffb65a24000 	C:\Windows\system32\rsaenh.dll
0x00007ffb66b60000 - 0x00007ffb66b87000 	C:\Windows\System32\bcrypt.dll
0x00007ffb66820000 - 0x00007ffb6684e000 	C:\Windows\SYSTEM32\USERENV.dll
0x00007ffb662f0000 - 0x00007ffb662fc000 	C:\Windows\SYSTEM32\CRYPTBASE.dll
0x00007ffb65d80000 - 0x00007ffb65dbb000 	C:\Windows\SYSTEM32\IPHLPAPI.DLL
0x00007ffb69040000 - 0x00007ffb69048000 	C:\Windows\System32\NSI.dll
0x00007ffb5ea90000 - 0x00007ffb5eaa7000 	C:\Windows\SYSTEM32\dhcpcsvc6.DLL
0x00007ffb5f780000 - 0x00007ffb5f79d000 	C:\Windows\SYSTEM32\dhcpcsvc.DLL
0x00007ffb65dd0000 - 0x00007ffb65e9b000 	C:\Windows\SYSTEM32\DNSAPI.dll
0x00007ffb5c9a0000 - 0x00007ffb5c9aa000 	C:\Windows\System32\rasadhlp.dll
0x00007ffb5c9c0000 - 0x00007ffb5ca40000 	C:\Windows\System32\fwpuclnt.dll
0x00007ffb60530000 - 0x00007ffb6053e000 	C:\Program Files\Java\jdk-18.0.1\bin\sunmscapi.dll
0x00007ffb66b90000 - 0x00007ffb66ce6000 	C:\Windows\System32\CRYPT32.dll
0x00007ffb663f0000 - 0x00007ffb66417000 	C:\Windows\SYSTEM32\ncrypt.dll
0x00007ffb663b0000 - 0x00007ffb663eb000 	C:\Windows\SYSTEM32\NTASN1.dll
0x00007ffb52d00000 - 0x00007ffb52d17000 	C:\Windows\system32\napinsp.dll
0x00007ffb51970000 - 0x00007ffb5198b000 	C:\Windows\system32\pnrpnsp.dll
0x00007ffb474c0000 - 0x00007ffb474d5000 	C:\Windows\system32\wshbth.dll
0x00007ffb60120000 - 0x00007ffb6013d000 	C:\Windows\system32\NLAapi.dll
0x00007ffb51600000 - 0x00007ffb51612000 	C:\Windows\System32\winrnr.dll

dbghelp: loaded successfully - version: 4.0.5 - missing functions: none
symbol engine: initialized successfully - sym options: 0x614 - pdb path: .;C:\Program Files\Java\jdk-18.0.1\bin;C:\Windows\SYSTEM32;C:\Windows\WinSxS\amd64_microsoft.windows.common-controls_6595b64144ccf1df_6.0.19041.1110_none_60b5254171f9507e;C:\Program Files\Java\jdk-18.0.1\bin\server

VM Arguments:
java_command: C:\Users\trg\AppData\Local\Temp\surefire7134574339301894256\surefirebooter18321802081485950655.jar C:\Users\trg\AppData\Local\Temp\surefire7134574339301894256 2022-05-22T03-40-12_512-jvmRun1 surefire174521820441174985tmp surefire_04213972858705561868tmp
java_class_path (initial): C:\Users\trg\AppData\Local\Temp\surefire7134574339301894256\surefirebooter18321802081485950655.jar
Launcher Type: SUN_STANDARD

[Global flags]
     intx CICompilerCount                          = 3                                         {product} {ergonomic}
     uint ConcGCThreads                            = 1                                         {product} {ergonomic}
     uint G1ConcRefinementThreads                  = 4                                         {product} {ergonomic}
   size_t G1HeapRegionSize                         = 1048576                                   {product} {ergonomic}
    uintx GCDrainStackTargetSize                   = 64                                        {product} {ergonomic}
   size_t InitialHeapSize                          = 134217728                                 {product} {ergonomic}
   size_t MarkStackSize                            = 4194304                                   {product} {ergonomic}
   size_t MaxHeapSize                              = 2122317824                                {product} {ergonomic}
   size_t MaxNewSize                               = 1272971264                                {product} {ergonomic}
   size_t MinHeapDeltaBytes                        = 1048576                                   {product} {ergonomic}
   size_t MinHeapSize                              = 8388608                                   {product} {ergonomic}
    uintx NonNMethodCodeHeapSize                   = 5832780                                {pd product} {ergonomic}
    uintx NonProfiledCodeHeapSize                  = 122912730                              {pd product} {ergonomic}
    uintx ProfiledCodeHeapSize                     = 122912730                              {pd product} {ergonomic}
    uintx ReservedCodeCacheSize                    = 251658240                              {pd product} {ergonomic}
     bool SegmentedCodeCache                       = true                                      {product} {ergonomic}
   size_t SoftMaxHeapSize                          = 2122317824                             {manageable} {ergonomic}
     bool UseCompressedClassPointers               = true                           {product lp64_product} {ergonomic}
     bool UseCompressedOops                        = true                           {product lp64_product} {ergonomic}
     bool UseG1GC                                  = true                                      {product} {ergonomic}
     bool UseLargePagesIndividualAllocation        = false                                  {pd product} {ergonomic}

Logging:
Log output configuration:
 #0: stdout all=warning uptime,level,tags foldmultilines=false
 #1: stderr all=off uptime,level,tags foldmultilines=false

Environment Variables:
JAVA_HOME=C:\Program Files\Java\jdk-18.0.1
PATH=C:\Program Files\Common Files\Oracle\Java\javapath;C:\Windows\system32;C:\Windows;C:\Windows\System32\Wbem;C:\Windows\System32\WindowsPowerShell\v1.0\;C:\Windows\System32\OpenSSH\;C:\Program Files\apache-maven-3.8.5-bin\apache-maven-3.8.5\bin;C:\Users\trg\AppData\Local\Microsoft\WindowsApps;
USERNAME=trg
OS=Windows_NT
PROCESSOR_IDENTIFIER=Intel64 Family 6 Model 61 Stepping 4, GenuineIntel



---------------  S Y S T E M  ---------------

OS:
 Windows 10 , 64 bit Build 19041 (10.0.19041.1706)
OS uptime: 5 days 5:26 hours

CPU: total 4 (initial active 4) (2 cores per cpu, 2 threads per core) family 6 model 61 stepping 4 microcode 0x2f, cx8, cmov, fxsr, ht, mmx, 3dnowpref, sse, sse2, sse3, ssse3, sse4.1, sse4.2, popcnt, lzcnt, tsc, tscinvbit, avx, avx2, aes, erms, clmul, bmi1, bmi2, adx, fma, vzeroupper, clflush

Memory: 4k page, system-wide physical 8088M (905M free)
TotalPageFile size 14488M (AvailPageFile size 2M)
current process WorkingSet (physical memory assigned to process): 125M, peak: 125M
current process commit charge ("private bytes"): 253M, peak: 254M

vm_info: Java HotSpot(TM) 64-Bit Server VM (18.0.1+10-24) for windows-amd64 JRE (18.0.1+10-24), built on Mar  9 2022 22:41:56 by "mach5one" with MS VC++ 16.8 / 16.9 (VS2019)

END.
